2017/03/20 22:38:43 [error] 6019#0: *1 connect() failed (111: Connection refused) while connecting to upstream, client: 127.0.0.1, server: wwwfj.liejin99.com, request: "GET /mvc HTTP/1.1", upstream: "fastcgi://127.0.0.1:9000", host: "localhost:8080"
2017/03/20 22:38:46 [error] 6019#0: *1 connect() failed (111: Connection refused) while connecting to upstream, client: 127.0.0.1, server: wwwfj.liejin99.com, request: "GET /favicon.ico HTTP/1.1", upstream: "fastcgi://127.0.0.1:9000", host: "localhost:8080"
2017/03/20 22:39:33 [error] 6019#0: *1 FastCGI sent in stderr: "PHP message: Slim Application Error:
Type: RuntimeException
Message: Callable \CommentsController does not exist
File: /home/fengjun/php_workspace/comment/vendor/slim/slim/Slim/CallableResolver.php
Line: 90
Trace: #0 /home/fengjun/php_workspace/comment/vendor/slim/slim/Slim/CallableResolver.php(61): Slim\CallableResolver->resolveCallable('\\CommentsContro...', 'get')
#1 /home/fengjun/php_workspace/comment/vendor/slim/slim/Slim/CallableResolverAwareTrait.php(45): Slim\CallableResolver->resolve('\\CommentsContro...')
#2 /home/fengjun/php_workspace/comment/vendor/slim/slim/Slim/Route.php(333): Slim\Routable->resolveCallable('\\CommentsContro...')
#3 /home/fengjun/php_workspace/comment/vendor/slim/slim/Slim/MiddlewareAwareTrait.php(122): Slim\Route->__invoke(Object(Slim\Http\Request), Object(Slim\Http\Response))
#4 /home/fengjun/php_workspace/comment/vendor/slim/slim/Slim/Route.php(316): Slim\Route->callMiddlewareStack(Object(Slim\Http\Request), Object(Slim\Http\Response))
#5 /home/fengjun/php_workspace/comme" while reading response header from upstream, client: 127.0.0.1, server: wwwfj.liejin99.com, request: "GET /comments/1 HTTP/1.1", upstream: "fastcgi://127.0.0.1:9000", host: "localhost:8080"
2017/03/20 22:39:35 [error] 6019#0: *1 FastCGI sent in stderr: "PHP message: Slim Application Error:
Type: RuntimeException
Message: Callable \CommentsController does not exist
File: /home/fengjun/php_workspace/comment/vendor/slim/slim/Slim/CallableResolver.php
Line: 90
Trace: #0 /home/fengjun/php_workspace/comment/vendor/slim/slim/Slim/CallableResolver.php(61): Slim\CallableResolver->resolveCallable('\\CommentsContro...', 'get')
#1 /home/fengjun/php_workspace/comment/vendor/slim/slim/Slim/CallableResolverAwareTrait.php(45): Slim\CallableResolver->resolve('\\CommentsContro...')
#2 /home/fengjun/php_workspace/comment/vendor/slim/slim/Slim/Route.php(333): Slim\Routable->resolveCallable('\\CommentsContro...')
#3 /home/fengjun/php_workspace/comment/vendor/slim/slim/Slim/MiddlewareAwareTrait.php(122): Slim\Route->__invoke(Object(Slim\Http\Request), Object(Slim\Http\Response))
#4 /home/fengjun/php_workspace/comment/vendor/slim/slim/Slim/Route.php(316): Slim\Route->callMiddlewareStack(Object(Slim\Http\Request), Object(Slim\Http\Response))
#5 /home/fengjun/php_workspace/comme" while reading response header from upstream, client: 127.0.0.1, server: wwwfj.liejin99.com, request: "GET /comments/1 HTTP/1.1", upstream: "fastcgi://127.0.0.1:9000", host: "localhost:8080"
2017/03/20 22:40:24 [error] 6019#0: *1 FastCGI sent in stderr: "PHP message: Slim Application Error:
Type: RuntimeException
Message: [{},&quot;get&quot;] is not resolvable
File: /home/fengjun/php_workspace/comment/vendor/slim/slim/Slim/CallableResolver.php
Line: 104
Trace: #0 /home/fengjun/php_workspace/comment/vendor/slim/slim/Slim/CallableResolver.php(62): Slim\CallableResolver->assertCallable(Array)
#1 /home/fengjun/php_workspace/comment/vendor/slim/slim/Slim/CallableResolverAwareTrait.php(45): Slim\CallableResolver->resolve('\\CommentsContro...')
#2 /home/fengjun/php_workspace/comment/vendor/slim/slim/Slim/Route.php(333): Slim\Routable->resolveCallable('\\CommentsContro...')
#3 /home/fengjun/php_workspace/comment/vendor/slim/slim/Slim/MiddlewareAwareTrait.php(122): Slim\Route->__invoke(Object(Slim\Http\Request), Object(Slim\Http\Response))
#4 /home/fengjun/php_workspace/comment/vendor/slim/slim/Slim/Route.php(316): Slim\Route->callMiddlewareStack(Object(Slim\Http\Request), Object(Slim\Http\Response))
#5 /home/fengjun/php_workspace/comment/vendor/slim/slim/Slim/App" while reading response header from upstream, client: 127.0.0.1, server: wwwfj.liejin99.com, request: "GET /comments/1 HTTP/1.1", upstream: "fastcgi://127.0.0.1:9000", host: "localhost:8080"
2017/03/20 22:40:25 [error] 6019#0: *1 FastCGI sent in stderr: "PHP message: Slim Application Error:
Type: RuntimeException
Message: [{},&quot;get&quot;] is not resolvable
File: /home/fengjun/php_workspace/comment/vendor/slim/slim/Slim/CallableResolver.php
Line: 104
Trace: #0 /home/fengjun/php_workspace/comment/vendor/slim/slim/Slim/CallableResolver.php(62): Slim\CallableResolver->assertCallable(Array)
#1 /home/fengjun/php_workspace/comment/vendor/slim/slim/Slim/CallableResolverAwareTrait.php(45): Slim\CallableResolver->resolve('\\CommentsContro...')
#2 /home/fengjun/php_workspace/comment/vendor/slim/slim/Slim/Route.php(333): Slim\Routable->resolveCallable('\\CommentsContro...')
#3 /home/fengjun/php_workspace/comment/vendor/slim/slim/Slim/MiddlewareAwareTrait.php(122): Slim\Route->__invoke(Object(Slim\Http\Request), Object(Slim\Http\Response))
#4 /home/fengjun/php_workspace/comment/vendor/slim/slim/Slim/Route.php(316): Slim\Route->callMiddlewareStack(Object(Slim\Http\Request), Object(Slim\Http\Response))
#5 /home/fengjun/php_workspace/comment/vendor/slim/slim/Slim/App" while reading response header from upstream, client: 127.0.0.1, server: wwwfj.liejin99.com, request: "GET /comments/1 HTTP/1.1", upstream: "fastcgi://127.0.0.1:9000", host: "localhost:8080"
2017/03/20 22:40:26 [error] 6019#0: *1 FastCGI sent in stderr: "PHP message: Slim Application Error:
Type: RuntimeException
Message: [{},&quot;get&quot;] is not resolvable
File: /home/fengjun/php_workspace/comment/vendor/slim/slim/Slim/CallableResolver.php
Line: 104
Trace: #0 /home/fengjun/php_workspace/comment/vendor/slim/slim/Slim/CallableResolver.php(62): Slim\CallableResolver->assertCallable(Array)
#1 /home/fengjun/php_workspace/comment/vendor/slim/slim/Slim/CallableResolverAwareTrait.php(45): Slim\CallableResolver->resolve('\\CommentsContro...')
#2 /home/fengjun/php_workspace/comment/vendor/slim/slim/Slim/Route.php(333): Slim\Routable->resolveCallable('\\CommentsContro...')
#3 /home/fengjun/php_workspace/comment/vendor/slim/slim/Slim/MiddlewareAwareTrait.php(122): Slim\Route->__invoke(Object(Slim\Http\Request), Object(Slim\Http\Response))
#4 /home/fengjun/php_workspace/comment/vendor/slim/slim/Slim/Route.php(316): Slim\Route->callMiddlewareStack(Object(Slim\Http\Request), Object(Slim\Http\Response))
#5 /home/fengjun/php_workspace/comment/vendor/slim/slim/Slim/App" while reading response header from upstream, client: 127.0.0.1, server: wwwfj.liejin99.com, request: "GET /comments/1 HTTP/1.1", upstream: "fastcgi://127.0.0.1:9000", host: "localhost:8080"
2017/03/20 22:40:27 [error] 6019#0: *1 FastCGI sent in stderr: "PHP message: Slim Application Error:
Type: RuntimeException
Message: [{},&quot;get&quot;] is not resolvable
File: /home/fengjun/php_workspace/comment/vendor/slim/slim/Slim/CallableResolver.php
Line: 104
Trace: #0 /home/fengjun/php_workspace/comment/vendor/slim/slim/Slim/CallableResolver.php(62): Slim\CallableResolver->assertCallable(Array)
#1 /home/fengjun/php_workspace/comment/vendor/slim/slim/Slim/CallableResolverAwareTrait.php(45): Slim\CallableResolver->resolve('\\CommentsContro...')
#2 /home/fengjun/php_workspace/comment/vendor/slim/slim/Slim/Route.php(333): Slim\Routable->resolveCallable('\\CommentsContro...')
#3 /home/fengjun/php_workspace/comment/vendor/slim/slim/Slim/MiddlewareAwareTrait.php(122): Slim\Route->__invoke(Object(Slim\Http\Request), Object(Slim\Http\Response))
#4 /home/fengjun/php_workspace/comment/vendor/slim/slim/Slim/Route.php(316): Slim\Route->callMiddlewareStack(Object(Slim\Http\Request), Object(Slim\Http\Response))
#5 /home/fengjun/php_workspace/comment/vendor/slim/slim/Slim/App" while reading response header from upstream, client: 127.0.0.1, server: wwwfj.liejin99.com, request: "GET /comments/1 HTTP/1.1", upstream: "fastcgi://127.0.0.1:9000", host: "localhost:8080"
2017/03/20 22:41:10 [error] 6019#0: *1 FastCGI sent in stderr: "PHP message: Slim Application Error:
Type: Slim\Exception\ContainerValueNotFoundException
Message: Identifier &quot;newsId&quot; is not defined.
File: /home/fengjun/php_workspace/comment/vendor/slim/slim/Slim/Container.php
Line: 120
Trace: #0 /home/fengjun/php_workspace/comment/app/controllers/CommentsController.php(19): Slim\Container->get('newsId')
#1 [internal function]: CommentsController->getAllComments(Object(Slim\Http\Request), Object(Slim\Http\Response), Array)
#2 /home/fengjun/php_workspace/comment/vendor/slim/slim/Slim/Handlers/Strategies/RequestResponse.php(41): call_user_func(Array, Object(Slim\Http\Request), Object(Slim\Http\Response), Array)
#3 /home/fengjun/php_workspace/comment/vendor/slim/slim/Slim/Route.php(344): Slim\Handlers\Strategies\RequestResponse->__invoke(Array, Object(Slim\Http\Request), Object(Slim\Http\Response), Array)
#4 /home/fengjun/php_workspace/comment/vendor/slim/slim/Slim/MiddlewareAwareTrait.php(122): Slim\Route->__invoke(Object(Slim\Http\Request), Object(Slim\Http\Re" while reading response header from upstream, client: 127.0.0.1, server: wwwfj.liejin99.com, request: "GET /comments/1 HTTP/1.1", upstream: "fastcgi://127.0.0.1:9000", host: "localhost:8080"
2017/03/20 22:41:11 [error] 6019#0: *1 FastCGI sent in stderr: "PHP message: Slim Application Error:
Type: Slim\Exception\ContainerValueNotFoundException
Message: Identifier &quot;newsId&quot; is not defined.
File: /home/fengjun/php_workspace/comment/vendor/slim/slim/Slim/Container.php
Line: 120
Trace: #0 /home/fengjun/php_workspace/comment/app/controllers/CommentsController.php(19): Slim\Container->get('newsId')
#1 [internal function]: CommentsController->getAllComments(Object(Slim\Http\Request), Object(Slim\Http\Response), Array)
#2 /home/fengjun/php_workspace/comment/vendor/slim/slim/Slim/Handlers/Strategies/RequestResponse.php(41): call_user_func(Array, Object(Slim\Http\Request), Object(Slim\Http\Response), Array)
#3 /home/fengjun/php_workspace/comment/vendor/slim/slim/Slim/Route.php(344): Slim\Handlers\Strategies\RequestResponse->__invoke(Array, Object(Slim\Http\Request), Object(Slim\Http\Response), Array)
#4 /home/fengjun/php_workspace/comment/vendor/slim/slim/Slim/MiddlewareAwareTrait.php(122): Slim\Route->__invoke(Object(Slim\Http\Request), Object(Slim\Http\Re" while reading response header from upstream, client: 127.0.0.1, server: wwwfj.liejin99.com, request: "GET /comments/1 HTTP/1.1", upstream: "fastcgi://127.0.0.1:9000", host: "localhost:8080"
2017/03/20 22:41:12 [error] 6019#0: *1 FastCGI sent in stderr: "PHP message: Slim Application Error:
Type: Slim\Exception\ContainerValueNotFoundException
Message: Identifier &quot;newsId&quot; is not defined.
File: /home/fengjun/php_workspace/comment/vendor/slim/slim/Slim/Container.php
Line: 120
Trace: #0 /home/fengjun/php_workspace/comment/app/controllers/CommentsController.php(19): Slim\Container->get('newsId')
#1 [internal function]: CommentsController->getAllComments(Object(Slim\Http\Request), Object(Slim\Http\Response), Array)
#2 /home/fengjun/php_workspace/comment/vendor/slim/slim/Slim/Handlers/Strategies/RequestResponse.php(41): call_user_func(Array, Object(Slim\Http\Request), Object(Slim\Http\Response), Array)
#3 /home/fengjun/php_workspace/comment/vendor/slim/slim/Slim/Route.php(344): Slim\Handlers\Strategies\RequestResponse->__invoke(Array, Object(Slim\Http\Request), Object(Slim\Http\Response), Array)
#4 /home/fengjun/php_workspace/comment/vendor/slim/slim/Slim/MiddlewareAwareTrait.php(122): Slim\Route->__invoke(Object(Slim\Http\Request), Object(Slim\Http\Re" while reading response header from upstream, client: 127.0.0.1, server: wwwfj.liejin99.com, request: "GET /comments/1 HTTP/1.1", upstream: "fastcgi://127.0.0.1:9000", host: "localhost:8080"
2017/03/20 22:41:12 [error] 6019#0: *1 FastCGI sent in stderr: "PHP message: Slim Application Error:
Type: Slim\Exception\ContainerValueNotFoundException
Message: Identifier &quot;newsId&quot; is not defined.
File: /home/fengjun/php_workspace/comment/vendor/slim/slim/Slim/Container.php
Line: 120
Trace: #0 /home/fengjun/php_workspace/comment/app/controllers/CommentsController.php(19): Slim\Container->get('newsId')
#1 [internal function]: CommentsController->getAllComments(Object(Slim\Http\Request), Object(Slim\Http\Response), Array)
#2 /home/fengjun/php_workspace/comment/vendor/slim/slim/Slim/Handlers/Strategies/RequestResponse.php(41): call_user_func(Array, Object(Slim\Http\Request), Object(Slim\Http\Response), Array)
#3 /home/fengjun/php_workspace/comment/vendor/slim/slim/Slim/Route.php(344): Slim\Handlers\Strategies\RequestResponse->__invoke(Array, Object(Slim\Http\Request), Object(Slim\Http\Response), Array)
#4 /home/fengjun/php_workspace/comment/vendor/slim/slim/Slim/MiddlewareAwareTrait.php(122): Slim\Route->__invoke(Object(Slim\Http\Request), Object(Slim\Http\Re" while reading response header from upstream, client: 127.0.0.1, server: wwwfj.liejin99.com, request: "GET /comments/1 HTTP/1.1", upstream: "fastcgi://127.0.0.1:9000", host: "localhost:8080"
2017/03/20 22:41:13 [error] 6019#0: *1 FastCGI sent in stderr: "PHP message: Slim Application Error:
Type: Slim\Exception\ContainerValueNotFoundException
Message: Identifier &quot;newsId&quot; is not defined.
File: /home/fengjun/php_workspace/comment/vendor/slim/slim/Slim/Container.php
Line: 120
Trace: #0 /home/fengjun/php_workspace/comment/app/controllers/CommentsController.php(19): Slim\Container->get('newsId')
#1 [internal function]: CommentsController->getAllComments(Object(Slim\Http\Request), Object(Slim\Http\Response), Array)
#2 /home/fengjun/php_workspace/comment/vendor/slim/slim/Slim/Handlers/Strategies/RequestResponse.php(41): call_user_func(Array, Object(Slim\Http\Request), Object(Slim\Http\Response), Array)
#3 /home/fengjun/php_workspace/comment/vendor/slim/slim/Slim/Route.php(344): Slim\Handlers\Strategies\RequestResponse->__invoke(Array, Object(Slim\Http\Request), Object(Slim\Http\Response), Array)
#4 /home/fengjun/php_workspace/comment/vendor/slim/slim/Slim/MiddlewareAwareTrait.php(122): Slim\Route->__invoke(Object(Slim\Http\Request), Object(Slim\Http\Re" while reading response header from upstream, client: 127.0.0.1, server: wwwfj.liejin99.com, request: "GET /comments/1 HTTP/1.1", upstream: "fastcgi://127.0.0.1:9000", host: "localhost:8080"
2017/03/20 22:41:14 [error] 6019#0: *1 FastCGI sent in stderr: "PHP message: Slim Application Error:
Type: Slim\Exception\ContainerValueNotFoundException
Message: Identifier &quot;newsId&quot; is not defined.
File: /home/fengjun/php_workspace/comment/vendor/slim/slim/Slim/Container.php
Line: 120
Trace: #0 /home/fengjun/php_workspace/comment/app/controllers/CommentsController.php(19): Slim\Container->get('newsId')
#1 [internal function]: CommentsController->getAllComments(Object(Slim\Http\Request), Object(Slim\Http\Response), Array)
#2 /home/fengjun/php_workspace/comment/vendor/slim/slim/Slim/Handlers/Strategies/RequestResponse.php(41): call_user_func(Array, Object(Slim\Http\Request), Object(Slim\Http\Response), Array)
#3 /home/fengjun/php_workspace/comment/vendor/slim/slim/Slim/Route.php(344): Slim\Handlers\Strategies\RequestResponse->__invoke(Array, Object(Slim\Http\Request), Object(Slim\Http\Response), Array)
#4 /home/fengjun/php_workspace/comment/vendor/slim/slim/Slim/MiddlewareAwareTrait.php(122): Slim\Route->__invoke(Object(Slim\Http\Request), Object(Slim\Http\Re" while reading response header from upstream, client: 127.0.0.1, server: wwwfj.liejin99.com, request: "GET /comments/1 HTTP/1.1", upstream: "fastcgi://127.0.0.1:9000", host: "localhost:8080"
2017/03/20 22:41:15 [error] 6019#0: *1 FastCGI sent in stderr: "PHP message: Slim Application Error:
Type: Slim\Exception\ContainerValueNotFoundException
Message: Identifier &quot;newsId&quot; is not defined.
File: /home/fengjun/php_workspace/comment/vendor/slim/slim/Slim/Container.php
Line: 120
Trace: #0 /home/fengjun/php_workspace/comment/app/controllers/CommentsController.php(19): Slim\Container->get('newsId')
#1 [internal function]: CommentsController->getAllComments(Object(Slim\Http\Request), Object(Slim\Http\Response), Array)
#2 /home/fengjun/php_workspace/comment/vendor/slim/slim/Slim/Handlers/Strategies/RequestResponse.php(41): call_user_func(Array, Object(Slim\Http\Request), Object(Slim\Http\Response), Array)
#3 /home/fengjun/php_workspace/comment/vendor/slim/slim/Slim/Route.php(344): Slim\Handlers\Strategies\RequestResponse->__invoke(Array, Object(Slim\Http\Request), Object(Slim\Http\Response), Array)
#4 /home/fengjun/php_workspace/comment/vendor/slim/slim/Slim/MiddlewareAwareTrait.php(122): Slim\Route->__invoke(Object(Slim\Http\Request), Object(Slim\Http\Re" while reading response header from upstream, client: 127.0.0.1, server: wwwfj.liejin99.com, request: "GET /comments/1 HTTP/1.1", upstream: "fastcgi://127.0.0.1:9000", host: "localhost:8080"
2017/03/20 22:42:58 [error] 6020#0: *22 FastCGI sent in stderr: "PHP message: PHP Notice:  Undefined variable: newsId in /home/fengjun/php_workspace/comment/app/controllers/CommentsController.php on line 20" while reading response header from upstream, client: 127.0.0.1, server: wwwfj.liejin99.com, request: "GET /comments/1 HTTP/1.1", upstream: "fastcgi://127.0.0.1:9000", host: "localhost:8080"
2017/03/20 23:20:21 [error] 6019#0: *25 FastCGI sent in stderr: "PHP message: Slim Application Error:
Type: ParseError
Message: syntax error, unexpected ';', expecting ',' or ')'
File: /home/fengjun/php_workspace/comment/lib/model/mysqlPdo.php
Line: 14
Trace: #0 /home/fengjun/php_workspace/comment/vendor/composer/ClassLoader.php(322): Composer\Autoload\includeFile('/home/fengjun/p...')
#1 [internal function]: Composer\Autoload\ClassLoader->loadClass('mysqlPdo')
#2 /home/fengjun/php_workspace/comment/lib/model/model.php(3): spl_autoload_call('mysqlPdo')
#3 /home/fengjun/php_workspace/comment/vendor/composer/ClassLoader.php(444): include('/home/fengjun/p...')
#4 /home/fengjun/php_workspace/comment/vendor/composer/ClassLoader.php(322): Composer\Autoload\includeFile('/home/fengjun/p...')
#5 [internal function]: Composer\Autoload\ClassLoader->loadClass('model')
#6 /home/fengjun/php_workspace/comment/app/models/commentsModel.php(3): spl_autoload_call('model')
#7 /home/fengjun/php_workspace/comment/vendor/composer/ClassLoader.php(444): include('/home/fengjun/p...')
#8 /home/f" while reading response header from upstream, client: 127.0.0.1, server: wwwfj.liejin99.com, request: "GET /comments/1 HTTP/1.1", upstream: "fastcgi://127.0.0.1:9000", host: "localhost:8080"
2017/03/20 23:21:17 [error] 6019#0: *25 FastCGI sent in stderr: "PHP message: Slim Application Error:
Type: ParseError
Message: syntax error, unexpected '；' (T_STRING)
File: /home/fengjun/php_workspace/comment/app/controllers/CommentsController.php
Line: 23
Trace: #0 /home/fengjun/php_workspace/comment/vendor/composer/ClassLoader.php(322): Composer\Autoload\includeFile('/home/fengjun/p...')
#1 [internal function]: Composer\Autoload\ClassLoader->loadClass('CommentsControl...')
#2 [internal function]: spl_autoload_call('CommentsControl...')
#3 /home/fengjun/php_workspace/comment/vendor/slim/slim/Slim/CallableResolver.php(89): class_exists('\\CommentsContro...')
#4 /home/fengjun/php_workspace/comment/vendor/slim/slim/Slim/CallableResolver.php(61): Slim\CallableResolver->resolveCallable('\\CommentsContro...', 'getAllComments')
#5 /home/fengjun/php_workspace/comment/vendor/slim/slim/Slim/CallableResolverAwareTrait.php(45): Slim\CallableResolver->resolve('\\CommentsContro...')
#6 /home/fengjun/php_workspace/comment/vendor/slim/slim/Slim/Route.php(333): Slim\Routable->resol" while reading response header from upstream, client: 127.0.0.1, server: wwwfj.liejin99.com, request: "GET /comments/1 HTTP/1.1", upstream: "fastcgi://127.0.0.1:9000", host: "localhost:8080"
2017/03/20 23:21:18 [error] 6019#0: *25 FastCGI sent in stderr: "PHP message: Slim Application Error:
Type: ParseError
Message: syntax error, unexpected '；' (T_STRING)
File: /home/fengjun/php_workspace/comment/app/controllers/CommentsController.php
Line: 23
Trace: #0 /home/fengjun/php_workspace/comment/vendor/composer/ClassLoader.php(322): Composer\Autoload\includeFile('/home/fengjun/p...')
#1 [internal function]: Composer\Autoload\ClassLoader->loadClass('CommentsControl...')
#2 [internal function]: spl_autoload_call('CommentsControl...')
#3 /home/fengjun/php_workspace/comment/vendor/slim/slim/Slim/CallableResolver.php(89): class_exists('\\CommentsContro...')
#4 /home/fengjun/php_workspace/comment/vendor/slim/slim/Slim/CallableResolver.php(61): Slim\CallableResolver->resolveCallable('\\CommentsContro...', 'getAllComments')
#5 /home/fengjun/php_workspace/comment/vendor/slim/slim/Slim/CallableResolverAwareTrait.php(45): Slim\CallableResolver->resolve('\\CommentsContro...')
#6 /home/fengjun/php_workspace/comment/vendor/slim/slim/Slim/Route.php(333): Slim\Routable->resol" while reading response header from upstream, client: 127.0.0.1, server: wwwfj.liejin99.com, request: "GET /comments/1 HTTP/1.1", upstream: "fastcgi://127.0.0.1:9000", host: "localhost:8080"
2017/03/20 23:21:35 [error] 6019#0: *25 FastCGI sent in stderr: "PHP message: Slim Application Error:
Type: ParseError
Message: syntax error, unexpected '；' (T_STRING)
File: /home/fengjun/php_workspace/comment/app/controllers/CommentsController.php
Line: 25
Trace: #0 /home/fengjun/php_workspace/comment/vendor/composer/ClassLoader.php(322): Composer\Autoload\includeFile('/home/fengjun/p...')
#1 [internal function]: Composer\Autoload\ClassLoader->loadClass('CommentsControl...')
#2 [internal function]: spl_autoload_call('CommentsControl...')
#3 /home/fengjun/php_workspace/comment/vendor/slim/slim/Slim/CallableResolver.php(89): class_exists('\\CommentsContro...')
#4 /home/fengjun/php_workspace/comment/vendor/slim/slim/Slim/CallableResolver.php(61): Slim\CallableResolver->resolveCallable('\\CommentsContro...', 'getAllComments')
#5 /home/fengjun/php_workspace/comment/vendor/slim/slim/Slim/CallableResolverAwareTrait.php(45): Slim\CallableResolver->resolve('\\CommentsContro...')
#6 /home/fengjun/php_workspace/comment/vendor/slim/slim/Slim/Route.php(333): Slim\Routable->resol" while reading response header from upstream, client: 127.0.0.1, server: wwwfj.liejin99.com, request: "GET /comments/1 HTTP/1.1", upstream: "fastcgi://127.0.0.1:9000", host: "localhost:8080"
2017/03/20 23:21:35 [error] 6019#0: *25 FastCGI sent in stderr: "PHP message: Slim Application Error:
Type: ParseError
Message: syntax error, unexpected '；' (T_STRING)
File: /home/fengjun/php_workspace/comment/app/controllers/CommentsController.php
Line: 25
Trace: #0 /home/fengjun/php_workspace/comment/vendor/composer/ClassLoader.php(322): Composer\Autoload\includeFile('/home/fengjun/p...')
#1 [internal function]: Composer\Autoload\ClassLoader->loadClass('CommentsControl...')
#2 [internal function]: spl_autoload_call('CommentsControl...')
#3 /home/fengjun/php_workspace/comment/vendor/slim/slim/Slim/CallableResolver.php(89): class_exists('\\CommentsContro...')
#4 /home/fengjun/php_workspace/comment/vendor/slim/slim/Slim/CallableResolver.php(61): Slim\CallableResolver->resolveCallable('\\CommentsContro...', 'getAllComments')
#5 /home/fengjun/php_workspace/comment/vendor/slim/slim/Slim/CallableResolverAwareTrait.php(45): Slim\CallableResolver->resolve('\\CommentsContro...')
#6 /home/fengjun/php_workspace/comment/vendor/slim/slim/Slim/Route.php(333): Slim\Routable->resol" while reading response header from upstream, client: 127.0.0.1, server: wwwfj.liejin99.com, request: "GET /comments/1 HTTP/1.1", upstream: "fastcgi://127.0.0.1:9000", host: "localhost:8080"
2017/03/20 23:23:37 [error] 6020#0: *31 FastCGI sent in stderr: "PHP message: Slim Application Error:
Type: ParseError
Message: syntax error, unexpected '；' (T_STRING)
File: /home/fengjun/php_workspace/comment/app/controllers/CommentsController.php
Line: 25
Trace: #0 /home/fengjun/php_workspace/comment/vendor/composer/ClassLoader.php(322): Composer\Autoload\includeFile('/home/fengjun/p...')
#1 [internal function]: Composer\Autoload\ClassLoader->loadClass('CommentsControl...')
#2 [internal function]: spl_autoload_call('CommentsControl...')
#3 /home/fengjun/php_workspace/comment/vendor/slim/slim/Slim/CallableResolver.php(89): class_exists('\\CommentsContro...')
#4 /home/fengjun/php_workspace/comment/vendor/slim/slim/Slim/CallableResolver.php(61): Slim\CallableResolver->resolveCallable('\\CommentsContro...', 'getAllComments')
#5 /home/fengjun/php_workspace/comment/vendor/slim/slim/Slim/CallableResolverAwareTrait.php(45): Slim\CallableResolver->resolve('\\CommentsContro...')
#6 /home/fengjun/php_workspace/comment/vendor/slim/slim/Slim/Route.php(333): Slim\Routable->resol" while reading response header from upstream, client: 127.0.0.1, server: wwwfj.liejin99.com, request: "GET /comments/1 HTTP/1.1", upstream: "fastcgi://127.0.0.1:9000", host: "localhost:8080"
2017/03/20 23:24:06 [error] 6020#0: *31 FastCGI sent in stderr: "PHP message: Slim Application Error:
Type: ParseError
Message: syntax error, unexpected '；' (T_STRING)
File: /home/fengjun/php_workspace/comment/app/controllers/CommentsController.php
Line: 25
Trace: #0 /home/fengjun/php_workspace/comment/vendor/composer/ClassLoader.php(322): Composer\Autoload\includeFile('/home/fengjun/p...')
#1 [internal function]: Composer\Autoload\ClassLoader->loadClass('CommentsControl...')
#2 [internal function]: spl_autoload_call('CommentsControl...')
#3 /home/fengjun/php_workspace/comment/vendor/slim/slim/Slim/CallableResolver.php(89): class_exists('\\CommentsContro...')
#4 /home/fengjun/php_workspace/comment/vendor/slim/slim/Slim/CallableResolver.php(61): Slim\CallableResolver->resolveCallable('\\CommentsContro...', 'getAllComments')
#5 /home/fengjun/php_workspace/comment/vendor/slim/slim/Slim/CallableResolverAwareTrait.php(45): Slim\CallableResolver->resolve('\\CommentsContro...')
#6 /home/fengjun/php_workspace/comment/vendor/slim/slim/Slim/Route.php(333): Slim\Routable->resol" while reading response header from upstream, client: 127.0.0.1, server: wwwfj.liejin99.com, request: "GET /comments/1 HTTP/1.1", upstream: "fastcgi://127.0.0.1:9000", host: "localhost:8080"
2017/03/20 23:24:07 [error] 6020#0: *31 FastCGI sent in stderr: "PHP message: Slim Application Error:
Type: ParseError
Message: syntax error, unexpected '；' (T_STRING)
File: /home/fengjun/php_workspace/comment/app/controllers/CommentsController.php
Line: 25
Trace: #0 /home/fengjun/php_workspace/comment/vendor/composer/ClassLoader.php(322): Composer\Autoload\includeFile('/home/fengjun/p...')
#1 [internal function]: Composer\Autoload\ClassLoader->loadClass('CommentsControl...')
#2 [internal function]: spl_autoload_call('CommentsControl...')
#3 /home/fengjun/php_workspace/comment/vendor/slim/slim/Slim/CallableResolver.php(89): class_exists('\\CommentsContro...')
#4 /home/fengjun/php_workspace/comment/vendor/slim/slim/Slim/CallableResolver.php(61): Slim\CallableResolver->resolveCallable('\\CommentsContro...', 'getAllComments')
#5 /home/fengjun/php_workspace/comment/vendor/slim/slim/Slim/CallableResolverAwareTrait.php(45): Slim\CallableResolver->resolve('\\CommentsContro...')
#6 /home/fengjun/php_workspace/comment/vendor/slim/slim/Slim/Route.php(333): Slim\Routable->resol" while reading response header from upstream, client: 127.0.0.1, server: wwwfj.liejin99.com, request: "GET /comments/1 HTTP/1.1", upstream: "fastcgi://127.0.0.1:9000", host: "localhost:8080"
2017/03/20 23:24:08 [error] 6020#0: *31 FastCGI sent in stderr: "PHP message: Slim Application Error:
Type: ParseError
Message: syntax error, unexpected '；' (T_STRING)
File: /home/fengjun/php_workspace/comment/app/controllers/CommentsController.php
Line: 25
Trace: #0 /home/fengjun/php_workspace/comment/vendor/composer/ClassLoader.php(322): Composer\Autoload\includeFile('/home/fengjun/p...')
#1 [internal function]: Composer\Autoload\ClassLoader->loadClass('CommentsControl...')
#2 [internal function]: spl_autoload_call('CommentsControl...')
#3 /home/fengjun/php_workspace/comment/vendor/slim/slim/Slim/CallableResolver.php(89): class_exists('\\CommentsContro...')
#4 /home/fengjun/php_workspace/comment/vendor/slim/slim/Slim/CallableResolver.php(61): Slim\CallableResolver->resolveCallable('\\CommentsContro...', 'getAllComments')
#5 /home/fengjun/php_workspace/comment/vendor/slim/slim/Slim/CallableResolverAwareTrait.php(45): Slim\CallableResolver->resolve('\\CommentsContro...')
#6 /home/fengjun/php_workspace/comment/vendor/slim/slim/Slim/Route.php(333): Slim\Routable->resol" while reading response header from upstream, client: 127.0.0.1, server: wwwfj.liejin99.com, request: "GET /comments/1 HTTP/1.1", upstream: "fastcgi://127.0.0.1:9000", host: "localhost:8080"
2017/03/20 23:25:19 [error] 6019#0: *37 FastCGI sent in stderr: "PHP message: Slim Application Error:
Type: ParseError
Message: syntax error, unexpected '；' (T_STRING)
File: /home/fengjun/php_workspace/comment/app/controllers/CommentsController.php
Line: 25
Trace: #0 /home/fengjun/php_workspace/comment/vendor/composer/ClassLoader.php(322): Composer\Autoload\includeFile('/home/fengjun/p...')
#1 [internal function]: Composer\Autoload\ClassLoader->loadClass('CommentsControl...')
#2 [internal function]: spl_autoload_call('CommentsControl...')
#3 /home/fengjun/php_workspace/comment/vendor/slim/slim/Slim/CallableResolver.php(89): class_exists('\\CommentsContro...')
#4 /home/fengjun/php_workspace/comment/vendor/slim/slim/Slim/CallableResolver.php(61): Slim\CallableResolver->resolveCallable('\\CommentsContro...', 'getAllComments')
#5 /home/fengjun/php_workspace/comment/vendor/slim/slim/Slim/CallableResolverAwareTrait.php(45): Slim\CallableResolver->resolve('\\CommentsContro...')
#6 /home/fengjun/php_workspace/comment/vendor/slim/slim/Slim/Route.php(333): Slim\Routable->resol" while reading response header from upstream, client: 127.0.0.1, server: wwwfj.liejin99.com, request: "GET /comments/1 HTTP/1.1", upstream: "fastcgi://127.0.0.1:9000", host: "localhost:8080"
2017/03/20 23:25:20 [error] 6019#0: *37 FastCGI sent in stderr: "PHP message: Slim Application Error:
Type: ParseError
Message: syntax error, unexpected '；' (T_STRING)
File: /home/fengjun/php_workspace/comment/app/controllers/CommentsController.php
Line: 25
Trace: #0 /home/fengjun/php_workspace/comment/vendor/composer/ClassLoader.php(322): Composer\Autoload\includeFile('/home/fengjun/p...')
#1 [internal function]: Composer\Autoload\ClassLoader->loadClass('CommentsControl...')
#2 [internal function]: spl_autoload_call('CommentsControl...')
#3 /home/fengjun/php_workspace/comment/vendor/slim/slim/Slim/CallableResolver.php(89): class_exists('\\CommentsContro...')
#4 /home/fengjun/php_workspace/comment/vendor/slim/slim/Slim/CallableResolver.php(61): Slim\CallableResolver->resolveCallable('\\CommentsContro...', 'getAllComments')
#5 /home/fengjun/php_workspace/comment/vendor/slim/slim/Slim/CallableResolverAwareTrait.php(45): Slim\CallableResolver->resolve('\\CommentsContro...')
#6 /home/fengjun/php_workspace/comment/vendor/slim/slim/Slim/Route.php(333): Slim\Routable->resol" while reading response header from upstream, client: 127.0.0.1, server: wwwfj.liejin99.com, request: "GET /comments/1 HTTP/1.1", upstream: "fastcgi://127.0.0.1:9000", host: "localhost:8080"
2017/03/20 23:25:22 [error] 6019#0: *37 FastCGI sent in stderr: "PHP message: Slim Application Error:
Type: ParseError
Message: syntax error, unexpected '；' (T_STRING)
File: /home/fengjun/php_workspace/comment/app/controllers/CommentsController.php
Line: 25
Trace: #0 /home/fengjun/php_workspace/comment/vendor/composer/ClassLoader.php(322): Composer\Autoload\includeFile('/home/fengjun/p...')
#1 [internal function]: Composer\Autoload\ClassLoader->loadClass('CommentsControl...')
#2 [internal function]: spl_autoload_call('CommentsControl...')
#3 /home/fengjun/php_workspace/comment/vendor/slim/slim/Slim/CallableResolver.php(89): class_exists('\\CommentsContro...')
#4 /home/fengjun/php_workspace/comment/vendor/slim/slim/Slim/CallableResolver.php(61): Slim\CallableResolver->resolveCallable('\\CommentsContro...', 'getAllComments')
#5 /home/fengjun/php_workspace/comment/vendor/slim/slim/Slim/CallableResolverAwareTrait.php(45): Slim\CallableResolver->resolve('\\CommentsContro...')
#6 /home/fengjun/php_workspace/comment/vendor/slim/slim/Slim/Route.php(333): Slim\Routable->resol" while reading response header from upstream, client: 127.0.0.1, server: wwwfj.liejin99.com, request: "GET /comments/1 HTTP/1.1", upstream: "fastcgi://127.0.0.1:9000", host: "localhost:8080"
2017/03/20 23:25:23 [error] 6019#0: *37 FastCGI sent in stderr: "PHP message: Slim Application Error:
Type: ParseError
Message: syntax error, unexpected '；' (T_STRING)
File: /home/fengjun/php_workspace/comment/app/controllers/CommentsController.php
Line: 25
Trace: #0 /home/fengjun/php_workspace/comment/vendor/composer/ClassLoader.php(322): Composer\Autoload\includeFile('/home/fengjun/p...')
#1 [internal function]: Composer\Autoload\ClassLoader->loadClass('CommentsControl...')
#2 [internal function]: spl_autoload_call('CommentsControl...')
#3 /home/fengjun/php_workspace/comment/vendor/slim/slim/Slim/CallableResolver.php(89): class_exists('\\CommentsContro...')
#4 /home/fengjun/php_workspace/comment/vendor/slim/slim/Slim/CallableResolver.php(61): Slim\CallableResolver->resolveCallable('\\CommentsContro...', 'getAllComments')
#5 /home/fengjun/php_workspace/comment/vendor/slim/slim/Slim/CallableResolverAwareTrait.php(45): Slim\CallableResolver->resolve('\\CommentsContro...')
#6 /home/fengjun/php_workspace/comment/vendor/slim/slim/Slim/Route.php(333): Slim\Routable->resol" while reading response header from upstream, client: 127.0.0.1, server: wwwfj.liejin99.com, request: "GET /comments/1 HTTP/1.1", upstream: "fastcgi://127.0.0.1:9000", host: "localhost:8080"
2017/03/20 23:27:09 [error] 6020#0: *42 FastCGI sent in stderr: "PHP message: Slim Application Error:
Type: ParseError
Message: syntax error, unexpected '；' (T_STRING)
File: /home/fengjun/php_workspace/comment/app/controllers/CommentsController.php
Line: 25
Trace: #0 /home/fengjun/php_workspace/comment/vendor/composer/ClassLoader.php(322): Composer\Autoload\includeFile('/home/fengjun/p...')
#1 [internal function]: Composer\Autoload\ClassLoader->loadClass('CommentsControl...')
#2 [internal function]: spl_autoload_call('CommentsControl...')
#3 /home/fengjun/php_workspace/comment/vendor/slim/slim/Slim/CallableResolver.php(89): class_exists('\\CommentsContro...')
#4 /home/fengjun/php_workspace/comment/vendor/slim/slim/Slim/CallableResolver.php(61): Slim\CallableResolver->resolveCallable('\\CommentsContro...', 'getAllComments')
#5 /home/fengjun/php_workspace/comment/vendor/slim/slim/Slim/CallableResolverAwareTrait.php(45): Slim\CallableResolver->resolve('\\CommentsContro...')
#6 /home/fengjun/php_workspace/comment/vendor/slim/slim/Slim/Route.php(333): Slim\Routable->resol" while reading response header from upstream, client: 127.0.0.1, server: wwwfj.liejin99.com, request: "GET /comments/1 HTTP/1.1", upstream: "fastcgi://127.0.0.1:9000", host: "localhost:8080"
2017/03/20 23:27:10 [error] 6020#0: *42 FastCGI sent in stderr: "PHP message: Slim Application Error:
Type: ParseError
Message: syntax error, unexpected '；' (T_STRING)
File: /home/fengjun/php_workspace/comment/app/controllers/CommentsController.php
Line: 25
Trace: #0 /home/fengjun/php_workspace/comment/vendor/composer/ClassLoader.php(322): Composer\Autoload\includeFile('/home/fengjun/p...')
#1 [internal function]: Composer\Autoload\ClassLoader->loadClass('CommentsControl...')
#2 [internal function]: spl_autoload_call('CommentsControl...')
#3 /home/fengjun/php_workspace/comment/vendor/slim/slim/Slim/CallableResolver.php(89): class_exists('\\CommentsContro...')
#4 /home/fengjun/php_workspace/comment/vendor/slim/slim/Slim/CallableResolver.php(61): Slim\CallableResolver->resolveCallable('\\CommentsContro...', 'getAllComments')
#5 /home/fengjun/php_workspace/comment/vendor/slim/slim/Slim/CallableResolverAwareTrait.php(45): Slim\CallableResolver->resolve('\\CommentsContro...')
#6 /home/fengjun/php_workspace/comment/vendor/slim/slim/Slim/Route.php(333): Slim\Routable->resol" while reading response header from upstream, client: 127.0.0.1, server: wwwfj.liejin99.com, request: "GET /comments/1 HTTP/1.1", upstream: "fastcgi://127.0.0.1:9000", host: "localhost:8080"
2017/03/20 23:31:32 [error] 6019#0: *47 FastCGI sent in stderr: "PHP message: PHP Warning:  include(/home/fengjun/php_workspace/comment/vendor/composer/../../app/models/commentsModel.php): failed to open stream: No such file or directory in /home/fengjun/php_workspace/comment/vendor/composer/ClassLoader.php on line 444
PHP message: PHP Warning:  include(): Failed opening '/home/fengjun/php_workspace/comment/vendor/composer/../../app/models/commentsModel.php' for inclusion (include_path='.:/usr/local/php/lib/php') in /home/fengjun/php_workspace/comment/vendor/composer/ClassLoader.php on line 444
PHP message: Slim Application Error:
Type: Error
Message: Class 'CommentsModel' not found
File: /home/fengjun/php_workspace/comment/app/controllers/CommentsController.php
Line: 22
Trace: #0 [internal function]: CommentsController->getAllComments(Object(Slim\Http\Request), Object(Slim\Http\Response), Array)
#1 /home/fengjun/php_workspace/comment/vendor/slim/slim/Slim/Handlers/Strategies/RequestResponse.php(41): call_user_func(Array, Object(Slim\Http\Request), Object(Slim\Http\Response), Array)
#2 /home/fengjun/php_workspace/comment/vendor/slim/slim/Slim/Route.php(344): Slim\Handlers\Strategies\RequestResponse->__invoke(Array, Object(Slim\Http\Request), Object(Slim\Http\Response), Array)
#3 /home/fengjun/php_workspace/comment/vendor/slim/slim/Slim/MiddlewareAwareTrait.php(122): Slim\Route->__invoke(Object(Slim\Http\Request), Object(Slim\Http\Response))
#4 /home/fengjun/php_workspace/comment/vendor/slim/slim/Slim/Route.php(316): Slim\Route->callMiddlewareStack(Object(Slim\Http\Request), Object(Slim\Http\Resp" while reading response header from upstream, client: 127.0.0.1, server: wwwfj.liejin99.com, request: "GET /comments/1 HTTP/1.1", upstream: "fastcgi://127.0.0.1:9000", host: "localhost:8080"
2017/03/20 23:34:59 [error] 6020#0: *49 FastCGI sent in stderr: "PHP message: Slim Application Error:
Type: ParseError
Message: syntax error, unexpected ';', expecting ',' or ')'
File: /home/fengjun/php_workspace/comment/lib/model/mysqlPdo.php
Line: 14
Trace: #0 /home/fengjun/php_workspace/comment/vendor/composer/ClassLoader.php(322): Composer\Autoload\includeFile('/home/fengjun/p...')
#1 [internal function]: Composer\Autoload\ClassLoader->loadClass('mysqlPdo')
#2 /home/fengjun/php_workspace/comment/lib/model/model.php(3): spl_autoload_call('mysqlPdo')
#3 /home/fengjun/php_workspace/comment/vendor/composer/ClassLoader.php(444): include('/home/fengjun/p...')
#4 /home/fengjun/php_workspace/comment/vendor/composer/ClassLoader.php(322): Composer\Autoload\includeFile('/home/fengjun/p...')
#5 [internal function]: Composer\Autoload\ClassLoader->loadClass('model')
#6 /home/fengjun/php_workspace/comment/app/models/CommentsModel.php(3): spl_autoload_call('model')
#7 /home/fengjun/php_workspace/comment/vendor/composer/ClassLoader.php(444): include('/home/fengjun/p...')
#8 /home/f" while reading response header from upstream, client: 127.0.0.1, server: wwwfj.liejin99.com, request: "GET /comments/1 HTTP/1.1", upstream: "fastcgi://127.0.0.1:9000", host: "localhost:8080"
2017/03/20 23:35:01 [error] 6020#0: *49 FastCGI sent in stderr: "PHP message: Slim Application Error:
Type: ParseError
Message: syntax error, unexpected ';', expecting ',' or ')'
File: /home/fengjun/php_workspace/comment/lib/model/mysqlPdo.php
Line: 14
Trace: #0 /home/fengjun/php_workspace/comment/vendor/composer/ClassLoader.php(322): Composer\Autoload\includeFile('/home/fengjun/p...')
#1 [internal function]: Composer\Autoload\ClassLoader->loadClass('mysqlPdo')
#2 /home/fengjun/php_workspace/comment/lib/model/model.php(3): spl_autoload_call('mysqlPdo')
#3 /home/fengjun/php_workspace/comment/vendor/composer/ClassLoader.php(444): include('/home/fengjun/p...')
#4 /home/fengjun/php_workspace/comment/vendor/composer/ClassLoader.php(322): Composer\Autoload\includeFile('/home/fengjun/p...')
#5 [internal function]: Composer\Autoload\ClassLoader->loadClass('model')
#6 /home/fengjun/php_workspace/comment/app/models/CommentsModel.php(3): spl_autoload_call('model')
#7 /home/fengjun/php_workspace/comment/vendor/composer/ClassLoader.php(444): include('/home/fengjun/p...')
#8 /home/f" while reading response header from upstream, client: 127.0.0.1, server: wwwfj.liejin99.com, request: "GET /comments/1 HTTP/1.1", upstream: "fastcgi://127.0.0.1:9000", host: "localhost:8080"
2017/03/20 23:35:02 [error] 6020#0: *49 FastCGI sent in stderr: "PHP message: Slim Application Error:
Type: ParseError
Message: syntax error, unexpected ';', expecting ',' or ')'
File: /home/fengjun/php_workspace/comment/lib/model/mysqlPdo.php
Line: 14
Trace: #0 /home/fengjun/php_workspace/comment/vendor/composer/ClassLoader.php(322): Composer\Autoload\includeFile('/home/fengjun/p...')
#1 [internal function]: Composer\Autoload\ClassLoader->loadClass('mysqlPdo')
#2 /home/fengjun/php_workspace/comment/lib/model/model.php(3): spl_autoload_call('mysqlPdo')
#3 /home/fengjun/php_workspace/comment/vendor/composer/ClassLoader.php(444): include('/home/fengjun/p...')
#4 /home/fengjun/php_workspace/comment/vendor/composer/ClassLoader.php(322): Composer\Autoload\includeFile('/home/fengjun/p...')
#5 [internal function]: Composer\Autoload\ClassLoader->loadClass('model')
#6 /home/fengjun/php_workspace/comment/app/models/CommentsModel.php(3): spl_autoload_call('model')
#7 /home/fengjun/php_workspace/comment/vendor/composer/ClassLoader.php(444): include('/home/fengjun/p...')
#8 /home/f" while reading response header from upstream, client: 127.0.0.1, server: wwwfj.liejin99.com, request: "GET /comments/1 HTTP/1.1", upstream: "fastcgi://127.0.0.1:9000", host: "localhost:8080"
2017/03/20 23:35:02 [error] 6020#0: *49 FastCGI sent in stderr: "PHP message: Slim Application Error:
Type: ParseError
Message: syntax error, unexpected ';', expecting ',' or ')'
File: /home/fengjun/php_workspace/comment/lib/model/mysqlPdo.php
Line: 14
Trace: #0 /home/fengjun/php_workspace/comment/vendor/composer/ClassLoader.php(322): Composer\Autoload\includeFile('/home/fengjun/p...')
#1 [internal function]: Composer\Autoload\ClassLoader->loadClass('mysqlPdo')
#2 /home/fengjun/php_workspace/comment/lib/model/model.php(3): spl_autoload_call('mysqlPdo')
#3 /home/fengjun/php_workspace/comment/vendor/composer/ClassLoader.php(444): include('/home/fengjun/p...')
#4 /home/fengjun/php_workspace/comment/vendor/composer/ClassLoader.php(322): Composer\Autoload\includeFile('/home/fengjun/p...')
#5 [internal function]: Composer\Autoload\ClassLoader->loadClass('model')
#6 /home/fengjun/php_workspace/comment/app/models/CommentsModel.php(3): spl_autoload_call('model')
#7 /home/fengjun/php_workspace/comment/vendor/composer/ClassLoader.php(444): include('/home/fengjun/p...')
#8 /home/f" while reading response header from upstream, client: 127.0.0.1, server: wwwfj.liejin99.com, request: "GET /comments/1 HTTP/1.1", upstream: "fastcgi://127.0.0.1:9000", host: "localhost:8080"
2017/03/20 23:36:50 [error] 6019#0: *54 FastCGI sent in stderr: "PHP message: Slim Application Error:
Type: PDOException
Code: 2002
Message: SQLSTATE[HY000] [2002] No such file or directory
File: /home/fengjun/php_workspace/comment/lib/model/mysqlPdo.php
Line: 12
Trace: #0 /home/fengjun/php_workspace/comment/lib/model/mysqlPdo.php(12): PDO->__construct('mysql:dbname=si...', 'root', '123')
#1 /home/fengjun/php_workspace/comment/lib/model/model.php(8): mysqlPdo::getInstance()
#2 /home/fengjun/php_workspace/comment/app/controllers/CommentsController.php(22): model->__construct()
#3 [internal function]: CommentsController->getAllComments(Object(Slim\Http\Request), Object(Slim\Http\Response), Array)
#4 /home/fengjun/php_workspace/comment/vendor/slim/slim/Slim/Handlers/Strategies/RequestResponse.php(41): call_user_func(Array, Object(Slim\Http\Request), Object(Slim\Http\Response), Array)
#5 /home/fengjun/php_workspace/comment/vendor/slim/slim/Slim/Route.php(344): Slim\Handlers\Strategies\RequestResponse->__invoke(Array, Object(Slim\Http\Request), Object(Slim\Http\Response), A" while reading response header from upstream, client: 127.0.0.1, server: wwwfj.liejin99.com, request: "GET /comments/1 HTTP/1.1", upstream: "fastcgi://127.0.0.1:9000", host: "localhost:8080"
2017/03/20 23:36:51 [error] 6019#0: *54 FastCGI sent in stderr: "PHP message: Slim Application Error:
Type: PDOException
Code: 2002
Message: SQLSTATE[HY000] [2002] No such file or directory
File: /home/fengjun/php_workspace/comment/lib/model/mysqlPdo.php
Line: 12
Trace: #0 /home/fengjun/php_workspace/comment/lib/model/mysqlPdo.php(12): PDO->__construct('mysql:dbname=si...', 'root', '123')
#1 /home/fengjun/php_workspace/comment/lib/model/model.php(8): mysqlPdo::getInstance()
#2 /home/fengjun/php_workspace/comment/app/controllers/CommentsController.php(22): model->__construct()
#3 [internal function]: CommentsController->getAllComments(Object(Slim\Http\Request), Object(Slim\Http\Response), Array)
#4 /home/fengjun/php_workspace/comment/vendor/slim/slim/Slim/Handlers/Strategies/RequestResponse.php(41): call_user_func(Array, Object(Slim\Http\Request), Object(Slim\Http\Response), Array)
#5 /home/fengjun/php_workspace/comment/vendor/slim/slim/Slim/Route.php(344): Slim\Handlers\Strategies\RequestResponse->__invoke(Array, Object(Slim\Http\Request), Object(Slim\Http\Response), A" while reading response header from upstream, client: 127.0.0.1, server: wwwfj.liejin99.com, request: "GET /comments/1 HTTP/1.1", upstream: "fastcgi://127.0.0.1:9000", host: "localhost:8080"
2017/03/20 23:52:54 [error] 6020#0: *62 FastCGI sent in stderr: "PHP message: Slim Application Error:
Type: Error
Message: Access to undeclared static property: mysqlPdo::$_db
File: /home/fengjun/php_workspace/comment/lib/model/mysqlPdo.php
Line: 20
Trace: #0 /home/fengjun/php_workspace/comment/lib/model/model.php(8): mysqlPdo::getInstance()
#1 /home/fengjun/php_workspace/comment/app/controllers/CommentsController.php(22): model->__construct()
#2 [internal function]: CommentsController->getAllComments(Object(Slim\Http\Request), Object(Slim\Http\Response), Array)
#3 /home/fengjun/php_workspace/comment/vendor/slim/slim/Slim/Handlers/Strategies/RequestResponse.php(41): call_user_func(Array, Object(Slim\Http\Request), Object(Slim\Http\Response), Array)
#4 /home/fengjun/php_workspace/comment/vendor/slim/slim/Slim/Route.php(344): Slim\Handlers\Strategies\RequestResponse->__invoke(Array, Object(Slim\Http\Request), Object(Slim\Http\Response), Array)
#5 /home/fengjun/php_workspace/comment/vendor/slim/slim/Slim/MiddlewareAwareTrait.php(122): Slim\Route->__invoke(Object(Slim\Http" while reading response header from upstream, client: 127.0.0.1, server: wwwfj.liejin99.com, request: "GET /comments/1 HTTP/1.1", upstream: "fastcgi://127.0.0.1:9000", host: "localhost:8080"
2017/03/20 23:54:04 [error] 6020#0: *64 FastCGI sent in stderr: "PHP message: Slim Application Error:
Type: Error
Message: Call to undefined method CommentsModel::callback()
File: /home/fengjun/php_workspace/comment/app/models/CommentsModel.php
Line: 10
Trace: #0 /home/fengjun/php_workspace/comment/app/controllers/CommentsController.php(23): CommentsModel->getCommentsByNewsId('1', '_tree')
#1 [internal function]: CommentsController->getAllComments(Object(Slim\Http\Request), Object(Slim\Http\Response), Array)
#2 /home/fengjun/php_workspace/comment/vendor/slim/slim/Slim/Handlers/Strategies/RequestResponse.php(41): call_user_func(Array, Object(Slim\Http\Request), Object(Slim\Http\Response), Array)
#3 /home/fengjun/php_workspace/comment/vendor/slim/slim/Slim/Route.php(344): Slim\Handlers\Strategies\RequestResponse->__invoke(Array, Object(Slim\Http\Request), Object(Slim\Http\Response), Array)
#4 /home/fengjun/php_workspace/comment/vendor/slim/slim/Slim/MiddlewareAwareTrait.php(122): Slim\Route->__invoke(Object(Slim\Http\Request), Object(Slim\Http\Response))
#5 /home/fengjun" while reading response header from upstream, client: 127.0.0.1, server: wwwfj.liejin99.com, request: "GET /comments/1 HTTP/1.1", upstream: "fastcgi://127.0.0.1:9000", host: "localhost:8080"
2017/03/20 23:54:05 [error] 6020#0: *64 FastCGI sent in stderr: "PHP message: Slim Application Error:
Type: Error
Message: Call to undefined method CommentsModel::callback()
File: /home/fengjun/php_workspace/comment/app/models/CommentsModel.php
Line: 10
Trace: #0 /home/fengjun/php_workspace/comment/app/controllers/CommentsController.php(23): CommentsModel->getCommentsByNewsId('1', '_tree')
#1 [internal function]: CommentsController->getAllComments(Object(Slim\Http\Request), Object(Slim\Http\Response), Array)
#2 /home/fengjun/php_workspace/comment/vendor/slim/slim/Slim/Handlers/Strategies/RequestResponse.php(41): call_user_func(Array, Object(Slim\Http\Request), Object(Slim\Http\Response), Array)
#3 /home/fengjun/php_workspace/comment/vendor/slim/slim/Slim/Route.php(344): Slim\Handlers\Strategies\RequestResponse->__invoke(Array, Object(Slim\Http\Request), Object(Slim\Http\Response), Array)
#4 /home/fengjun/php_workspace/comment/vendor/slim/slim/Slim/MiddlewareAwareTrait.php(122): Slim\Route->__invoke(Object(Slim\Http\Request), Object(Slim\Http\Response))
#5 /home/fengjun" while reading response header from upstream, client: 127.0.0.1, server: wwwfj.liejin99.com, request: "GET /comments/1 HTTP/1.1", upstream: "fastcgi://127.0.0.1:9000", host: "localhost:8080"
2017/03/20 23:55:42 [error] 6019#0: *67 FastCGI sent in stderr: "PHP message: PHP Notice:  Undefined variable: news_id in /home/fengjun/php_workspace/comment/app/models/CommentsModel.php on line 21" while reading response header from upstream, client: 127.0.0.1, server: wwwfj.liejin99.com, request: "GET /comments/1 HTTP/1.1", upstream: "fastcgi://127.0.0.1:9000", host: "localhost:8080"
2017/03/20 23:56:05 [error] 6019#0: *67 FastCGI sent in stderr: "PHP message: PHP Notice:  Undefined index: content in /home/fengjun/php_workspace/comment/vendor/vrana/notorm/NotORM/Row.php on line 166
PHP message: PHP Notice:  Undefined index: content in /home/fengjun/php_workspace/comment/vendor/vrana/notorm/NotORM/Row.php on line 166" while reading response header from upstream, client: 127.0.0.1, server: wwwfj.liejin99.com, request: "GET /comments/1 HTTP/1.1", upstream: "fastcgi://127.0.0.1:9000", host: "localhost:8080"
2017/03/21 03:12:45 [error] 3337#0: *1 FastCGI sent in stderr: "PHP message: Slim Application Error:
Type: PDOException
Code: 2002
Message: SQLSTATE[HY000] [2002] Connection refused
File: /home/fengjun/php_workspace/comment/lib/model/mysqlPdo.php
Line: 12
Trace: #0 /home/fengjun/php_workspace/comment/lib/model/mysqlPdo.php(12): PDO->__construct('mysql:dbname=si...', 'root', '123')
#1 /home/fengjun/php_workspace/comment/lib/model/model.php(8): mysqlPdo::getInstance()
#2 /home/fengjun/php_workspace/comment/app/controllers/CommentsController.php(20): model->__construct()
#3 [internal function]: CommentsController->getAllComments(Object(Slim\Http\Request), Object(Slim\Http\Response), Array)
#4 /home/fengjun/php_workspace/comment/vendor/slim/slim/Slim/Handlers/Strategies/RequestResponse.php(41): call_user_func(Array, Object(Slim\Http\Request), Object(Slim\Http\Response), Array)
#5 /home/fengjun/php_workspace/comment/vendor/slim/slim/Slim/Route.php(344): Slim\Handlers\Strategies\RequestResponse->__invoke(Array, Object(Slim\Http\Request), Object(Slim\Http\Response), Array)
#" while reading response header from upstream, client: 127.0.0.1, server: wwwfj.liejin99.com, request: "GET /comments/1 HTTP/1.1", upstream: "fastcgi://127.0.0.1:9000", host: "localhost:8080"
2017/03/21 03:13:38 [error] 3337#0: *1 FastCGI sent in stderr: "PHP message: Slim Application Error:
Type: PDOException
Code: 2002
Message: SQLSTATE[HY000] [2002] No such file or directory
File: /home/fengjun/php_workspace/comment/lib/model/mysqlPdo.php
Line: 12
Trace: #0 /home/fengjun/php_workspace/comment/lib/model/mysqlPdo.php(12): PDO->__construct('mysql:dbname=si...', 'root', '123')
#1 /home/fengjun/php_workspace/comment/lib/model/model.php(8): mysqlPdo::getInstance()
#2 /home/fengjun/php_workspace/comment/app/controllers/CommentsController.php(20): model->__construct()
#3 [internal function]: CommentsController->getAllComments(Object(Slim\Http\Request), Object(Slim\Http\Response), Array)
#4 /home/fengjun/php_workspace/comment/vendor/slim/slim/Slim/Handlers/Strategies/RequestResponse.php(41): call_user_func(Array, Object(Slim\Http\Request), Object(Slim\Http\Response), Array)
#5 /home/fengjun/php_workspace/comment/vendor/slim/slim/Slim/Route.php(344): Slim\Handlers\Strategies\RequestResponse->__invoke(Array, Object(Slim\Http\Request), Object(Slim\Http\Response), A" while reading response header from upstream, client: 127.0.0.1, server: wwwfj.liejin99.com, request: "GET /comments/1 HTTP/1.1", upstream: "fastcgi://127.0.0.1:9000", host: "localhost:8080"
2017/03/21 03:13:43 [error] 3337#0: *1 FastCGI sent in stderr: "PHP message: Slim Application Error:
Type: PDOException
Code: 2002
Message: SQLSTATE[HY000] [2002] No such file or directory
File: /home/fengjun/php_workspace/comment/lib/model/mysqlPdo.php
Line: 12
Trace: #0 /home/fengjun/php_workspace/comment/lib/model/mysqlPdo.php(12): PDO->__construct('mysql:dbname=si...', 'root', '123')
#1 /home/fengjun/php_workspace/comment/lib/model/model.php(8): mysqlPdo::getInstance()
#2 /home/fengjun/php_workspace/comment/app/controllers/CommentsController.php(20): model->__construct()
#3 [internal function]: CommentsController->getAllComments(Object(Slim\Http\Request), Object(Slim\Http\Response), Array)
#4 /home/fengjun/php_workspace/comment/vendor/slim/slim/Slim/Handlers/Strategies/RequestResponse.php(41): call_user_func(Array, Object(Slim\Http\Request), Object(Slim\Http\Response), Array)
#5 /home/fengjun/php_workspace/comment/vendor/slim/slim/Slim/Route.php(344): Slim\Handlers\Strategies\RequestResponse->__invoke(Array, Object(Slim\Http\Request), Object(Slim\Http\Response), A" while reading response header from upstream, client: 127.0.0.1, server: wwwfj.liejin99.com, request: "GET /comments/1 HTTP/1.1", upstream: "fastcgi://127.0.0.1:9000", host: "localhost:8080"
